[debug] [2017-06-27T20:31:41.930Z] ----------------------------------------------------------------------
[debug] [2017-06-27T20:31:41.930Z] Command:      C:\Program Files\nodejs\node.exe C:\Users\garo_\AppData\Roaming\npm\node_modules\firebase-tools\bin\firebase deploy --only hosting --project olmectron
[debug] [2017-06-27T20:31:41.930Z] CLI Version:  3.9.1
[debug] [2017-06-27T20:31:41.930Z] Platform:     win32
[debug] [2017-06-27T20:31:41.930Z] Node Version: v7.10.0
[debug] [2017-06-27T20:31:41.946Z] Time:         Tue Jun 27 2017 15:31:41 GMT-0500 (Hora de verano central (México))
[debug] [2017-06-27T20:31:41.946Z] ----------------------------------------------------------------------
[debug] 
[debug] [2017-06-27T20:31:42.030Z] > command requires scopes: ["email","openid","https://www.googleapis.com/auth/cloudplatformprojects.readonly","https://www.googleapis.com/auth/firebase","https://www.googleapis.com/auth/cloud-platform"]
[debug] [2017-06-27T20:31:42.030Z] > authorizing via signed-in user
[debug] [2017-06-27T20:31:42.030Z] > refreshing access token with scopes: ["email","https://www.googleapis.com/auth/cloud-platform","https://www.googleapis.com/auth/cloudplatformprojects.readonly","https://www.googleapis.com/auth/firebase","openid"]
[debug] [2017-06-27T20:31:42.030Z] >>> HTTP REQUEST POST https://www.googleapis.com/oauth2/v3/token { refresh_token: '1/2zXreebpB7WvGYf3bxz1L6ixbJorcx5e5hv0_JcRP-Q',
  client_id: '563584335869-fgrhgmd47bqnekij5i8b5pr03ho849e6.apps.googleusercontent.com',
  client_secret: 'j9iVZfS8kkCEFUPaAeJV0sAi',
  grant_type: 'refresh_token',
  scope: 'email https://www.googleapis.com/auth/cloud-platform https://www.googleapis.com/auth/cloudplatformprojects.readonly https://www.googleapis.com/auth/firebase openid' } 
 Tue Jun 27 2017 15:31:42 GMT-0500 (Hora de verano central (México))
[debug] [2017-06-27T20:31:42.403Z] <<< HTTP RESPONSE 200
[debug] [2017-06-27T20:31:42.493Z] >>> HTTP REQUEST GET https://admin.firebase.com/v1/projects/olmectron  
 Tue Jun 27 2017 15:31:42 GMT-0500 (Hora de verano central (México))
[debug] [2017-06-27T20:31:43.163Z] <<< HTTP RESPONSE 200
[debug] [2017-06-27T20:31:43.163Z] >>> HTTP REQUEST GET https://admin.firebase.com/v1/database/olmectron/tokens  
 Tue Jun 27 2017 15:31:43 GMT-0500 (Hora de verano central (México))
[debug] [2017-06-27T20:31:44.131Z] <<< HTTP RESPONSE 200
[info] 
[info] === Deploying to 'olmectron'...
[info] 
[info] i  deploying hosting
[info] i  hosting: preparing build/default directory for upload...
[debug] [2017-06-27T20:31:47.372Z] >>> HTTP REQUEST PUT https://deploy.firebase.com/v1/hosting/olmectron/uploads/-KnfFB5GMFbPuqidUehL?fileCount=497&message=  
 Tue Jun 27 2017 15:31:47 GMT-0500 (Hora de verano central (México))
